e:\code\steeltool\steeltool\obj\x64\debug\zsteel\zsteel.pch
e:\code\steeltool\steeltool\obj\x64\debug\zsteel\vc120.pdb
e:\code\steeltool\steeltool\obj\x64\debug\zsteel\vc120.idb
e:\code\steeltool\steeltool\obj\x64\debug\zsteel\stdafx.obj
e:\code\steeltool\steeltool\obj\x64\debug\zsteel\loadprojectdlg.obj
e:\code\steeltool\steeltool\obj\x64\debug\zsteel\mainfrm.obj
e:\code\steeltool\steeltool\obj\x64\debug\zsteel\zsteel.obj
e:\code\steeltool\steeltool\obj\x64\debug\zsteel\zsteeldoc.obj
e:\code\steeltool\steeltool\obj\x64\debug\zsteel\zsteelview.obj
e:\code\steeltool\steeltool\obj\x64\debug\zsteel\ztestloadbyvtk.obj
e:\code\steeltool\steeltool\run\x64\debug\zsteel.ilk
e:\code\steeltool\steeltool\run\x64\debug\zsteel.exe
e:\code\steeltool\steeltool\run\x64\debug\zsteel.pdb
e:\code\steeltool\steeltool\obj\x64\debug\zsteel\zsteel.res
e:\code\steeltool\steeltool\zyl_steel\..\run\x64\debug\zsteel.pdb
e:\code\steeltool\steeltool\zyl_steel\..\run\x64\debug\zsteel.exe
e:\code\steeltool\steeltool\zyl_steel\..\run\x64\debug\zsteel.ilk
e:\code\steeltool\steeltool\obj\x64\debug\zsteel\zsteel.tlog\cl.command.1.tlog
e:\code\steeltool\steeltool\obj\x64\debug\zsteel\zsteel.tlog\cl.read.1.tlog
e:\code\steeltool\steeltool\obj\x64\debug\zsteel\zsteel.tlog\cl.write.1.tlog
e:\code\steeltool\steeltool\obj\x64\debug\zsteel\zsteel.tlog\link.command.1.tlog
e:\code\steeltool\steeltool\obj\x64\debug\zsteel\zsteel.tlog\link.read.1.tlog
e:\code\steeltool\steeltool\obj\x64\debug\zsteel\zsteel.tlog\link.write.1.tlog
e:\code\steeltool\steeltool\obj\x64\debug\zsteel\zsteel.tlog\rc.command.1.tlog
e:\code\steeltool\steeltool\obj\x64\debug\zsteel\zsteel.tlog\rc.read.1.tlog
e:\code\steeltool\steeltool\obj\x64\debug\zsteel\zsteel.tlog\rc.write.1.tlog
