  stdafx.cpp
  dllmain.cpp
  zSeg.cpp
  zPoint3d.cpp
  zObject.cpp
  zJoint.cpp
  zEntity.cpp
  zColumnSeg.cpp
  zBeamSeg.cpp
  ProjectServer.cpp
e:\code\steeltool\steeltool\zyl_steel\steeldata\ProjectServer.h(43): warning C4251: “ProjectServer::beamSegs”: class“std::vector<zBeamSeg,std::allocator<_Ty>>”需要有 dll 接口由 class“ProjectServer”的客户端使用
          with
          [
              _Ty=zBeamSeg
          ]
e:\code\steeltool\steeltool\zyl_steel\steeldata\ProjectServer.h(44): warning C4251: “ProjectServer::colSegs”: class“std::vector<zColumnSeg,std::allocator<_Ty>>”需要有 dll 接口由 class“ProjectServer”的客户端使用
          with
          [
              _Ty=zColumnSeg
          ]
  正在生成代码...
     正在创建库 E:\code\SteelTool\SteelTool\ZYL_Steel\..\lib\x64\SteelData.lib 和对象 E:\code\SteelTool\SteelTool\ZYL_Steel\..\lib\x64\SteelData.exp
  SteelData.vcxproj -> E:\code\SteelTool\SteelTool\ZYL_Steel\..\run\x64\Debug\SteelData.dll
  复制了 0 个文件
