e:\code\steeltool\steeltool\obj\x64\debug\steeldata\steeldata.pch
e:\code\steeltool\steeltool\obj\x64\debug\steeldata\vc120.pdb
e:\code\steeltool\steeltool\obj\x64\debug\steeldata\vc120.idb
e:\code\steeltool\steeltool\obj\x64\debug\steeldata\stdafx.obj
e:\code\steeltool\steeltool\obj\x64\debug\steeldata\dllmain.obj
e:\code\steeltool\steeltool\obj\x64\debug\steeldata\projectserver.obj
e:\code\steeltool\steeltool\obj\x64\debug\steeldata\zbeamseg.obj
e:\code\steeltool\steeltool\obj\x64\debug\steeldata\zcolumnseg.obj
e:\code\steeltool\steeltool\obj\x64\debug\steeldata\zentity.obj
e:\code\steeltool\steeltool\obj\x64\debug\steeldata\zjoint.obj
e:\code\steeltool\steeltool\obj\x64\debug\steeldata\zobject.obj
e:\code\steeltool\steeltool\obj\x64\debug\steeldata\zpoint3d.obj
e:\code\steeltool\steeltool\obj\x64\debug\steeldata\zseg.obj
e:\code\steeltool\steeltool\run\x64\debug\steeldata.ilk
e:\code\steeltool\steeltool\run\x64\debug\steeldata.dll
e:\code\steeltool\steeltool\run\x64\debug\steeldata.pdb
e:\code\steeltool\steeltool\lib\x64\steeldata.lib
e:\code\steeltool\steeltool\lib\x64\steeldata.exp
e:\code\steeltool\steeltool\zyl_steel\..\run\x64\debug\steeldata.pdb
e:\code\steeltool\steeltool\zyl_steel\..\run\x64\debug\steeldata.dll
e:\code\steeltool\steeltool\zyl_steel\..\run\x64\debug\steeldata.ilk
e:\code\steeltool\steeltool\obj\x64\debug\steeldata\steeldata.tlog\cl.command.1.tlog
e:\code\steeltool\steeltool\obj\x64\debug\steeldata\steeldata.tlog\cl.read.1.tlog
e:\code\steeltool\steeltool\obj\x64\debug\steeldata\steeldata.tlog\cl.write.1.tlog
e:\code\steeltool\steeltool\obj\x64\debug\steeldata\steeldata.tlog\link.command.1.tlog
e:\code\steeltool\steeltool\obj\x64\debug\steeldata\steeldata.tlog\link.read.1.tlog
e:\code\steeltool\steeltool\obj\x64\debug\steeldata\steeldata.tlog\link.write.1.tlog
e:\code\steeltool\steeltool\obj\x64\debug\steeldata\steeldata.tlog\steeldata.write.1u.tlog
