e:\code\steeltool\steeltool\obj\x64\debug\steeliotool\steeliotool.pch
e:\code\steeltool\steeltool\obj\x64\debug\steeliotool\vc120.pdb
e:\code\steeltool\steeltool\obj\x64\debug\steeliotool\vc120.idb
e:\code\steeltool\steeltool\obj\x64\debug\steeliotool\stdafx.obj
e:\code\steeltool\steeltool\obj\x64\debug\steeliotool\csqlitedbtool.obj
e:\code\steeltool\steeltool\obj\x64\debug\steeliotool\loadmodeldata.obj
e:\code\steeltool\steeltool\obj\x64\debug\steeliotool\ziotool.obj
e:\code\steeltool\steeltool\obj\x64\debug\steeliotool\dllmain.obj
e:\code\steeltool\steeltool\run\x64\debug\steeliotool.dll
e:\code\steeltool\steeltool\run\x64\debug\steeliotool.pdb
e:\code\steeltool\steeltool\lib\x64\steeliotool.lib
e:\code\steeltool\steeltool\lib\x64\steeliotool.exp
e:\code\steeltool\steeltool\zyl_steel\..\run\x64\debug\steeliotool.pdb
e:\code\steeltool\steeltool\zyl_steel\..\run\x64\debug\steeliotool.dll
e:\code\steeltool\steeltool\obj\x64\debug\steeliotool\steeliotool.tlog\cl.command.1.tlog
e:\code\steeltool\steeltool\obj\x64\debug\steeliotool\steeliotool.tlog\cl.read.1.tlog
e:\code\steeltool\steeltool\obj\x64\debug\steeliotool\steeliotool.tlog\cl.write.1.tlog
e:\code\steeltool\steeltool\obj\x64\debug\steeliotool\steeliotool.tlog\link.command.1.tlog
e:\code\steeltool\steeltool\obj\x64\debug\steeliotool\steeliotool.tlog\link.read.1.tlog
e:\code\steeltool\steeltool\obj\x64\debug\steeliotool\steeliotool.tlog\link.write.1.tlog
e:\code\steeltool\steeltool\obj\x64\debug\steeliotool\steeliotool.tlog\steeliotool.write.1u.tlog
